Flow report for msx_multicore2
Thu Jul 16 16:56:17 2020
Quartus II 64-Bit Version 13.1.0 Build 162 10/23/2013 SJ Web Edition


---------------------
; Table of Contents ;
---------------------
  1. Legal Notice
  2. Flow Summary
  3. Flow Settings
  4. Flow Non-Default Global Settings
  5. Flow Elapsed Time
  6. Flow OS Summary
  7. Flow Log
  8. Flow Messages
  9. Flow Suppressed Messages



----------------
; Legal Notice ;
----------------
Copyright (C) 1991-2013 Altera Corporation
Your use of Altera Corporation's design tools, logic functions 
and other software and tools, and its AMPP partner logic 
functions, and any output files from any of the foregoing 
(including device programming or simulation files), and any 
associated documentation or information are expressly subject 
to the terms and conditions of the Altera Program License 
Subscription Agreement, Altera MegaCore Function License 
Agreement, or other applicable license agreement, including, 
without limitation, that your use is for the sole purpose of 
programming logic devices manufactured by Altera and sold by 
Altera or its authorized distributors.  Please refer to the 
applicable agreement for further details.



+---------------------------------------------------------------------------------+
; Flow Summary                                                                    ;
+------------------------------------+--------------------------------------------+
; Flow Status                        ; Successful - Thu Jul 16 16:55:59 2020      ;
; Quartus II 64-Bit Version          ; 13.1.0 Build 162 10/23/2013 SJ Web Edition ;
; Revision Name                      ; msx_multicore2                             ;
; Top-level Entity Name              ; multicore2_top                             ;
; Family                             ; Cyclone IV E                               ;
; Device                             ; EP4CE22F17C8                               ;
; Timing Models                      ; Final                                      ;
; Total logic elements               ; 12,863 / 22,320 ( 58 % )                   ;
;     Total combinational functions  ; 11,610 / 22,320 ( 52 % )                   ;
;     Dedicated logic registers      ; 5,184 / 22,320 ( 23 % )                    ;
; Total registers                    ; 5184                                       ;
; Total pins                         ; 90 / 154 ( 58 % )                          ;
; Total virtual pins                 ; 0                                          ;
; Total memory bits                  ; 221,485 / 608,256 ( 36 % )                 ;
; Embedded Multiplier 9-bit elements ; 21 / 132 ( 16 % )                          ;
; Total PLLs                         ; 1 / 4 ( 25 % )                             ;
+------------------------------------+--------------------------------------------+


+-----------------------------------------+
; Flow Settings                           ;
+-------------------+---------------------+
; Option            ; Setting             ;
+-------------------+---------------------+
; Start date & time ; 07/16/2020 16:52:21 ;
; Main task         ; Compilation         ;
; Revision Name     ; msx_multicore2      ;
+-------------------+---------------------+


+----------------------------------------------------------------------------------------------------------------------------+
; Flow Non-Default Global Settings                                                                                           ;
+-------------------------------------+---------------------------------------+----------------+----------------+------------+
; Assignment Name                     ; Value                                 ; Default Value  ; Entity Name    ; Section Id ;
+-------------------------------------+---------------------------------------+----------------+----------------+------------+
; ALLOW_POWER_UP_DONT_CARE            ; Off                                   ; On             ; --             ; --         ;
; COMPILER_SIGNATURE_ID               ; 31264775030918.159491114102440        ; --             ; --             ; --         ;
; IP_TOOL_NAME                        ; RAM: 2-PORT                           ; --             ; --             ; --         ;
; IP_TOOL_VERSION                     ; 13.0                                  ; --             ; --             ; --         ;
; MAX_CORE_JUNCTION_TEMP              ; 85                                    ; --             ; --             ; --         ;
; MIN_CORE_JUNCTION_TEMP              ; 0                                     ; --             ; --             ; --         ;
; OUTPUT_IO_TIMING_FAR_END_VMEAS      ; Half Signal Swing                     ; --             ; --             ; --         ;
; OUTPUT_IO_TIMING_FAR_END_VMEAS      ; Half Signal Swing                     ; --             ; --             ; --         ;
; OUTPUT_IO_TIMING_NEAR_END_VMEAS     ; Half Vccio                            ; --             ; --             ; --         ;
; OUTPUT_IO_TIMING_NEAR_END_VMEAS     ; Half Vccio                            ; --             ; --             ; --         ;
; PARTITION_COLOR                     ; 16764057                              ; --             ; multicore2_top ; Top        ;
; PARTITION_FITTER_PRESERVATION_LEVEL ; PLACEMENT_AND_ROUTING                 ; --             ; multicore2_top ; Top        ;
; PARTITION_NETLIST_TYPE              ; SOURCE                                ; --             ; multicore2_top ; Top        ;
; POWER_BOARD_THERMAL_MODEL           ; None (CONSERVATIVE)                   ; --             ; --             ; --         ;
; POWER_PRESET_COOLING_SOLUTION       ; 23 MM HEAT SINK WITH 200 LFPM AIRFLOW ; --             ; --             ; --         ;
; PROJECT_OUTPUT_DIRECTORY            ; output_files                          ; --             ; --             ; --         ;
; TOP_LEVEL_ENTITY                    ; multicore2_top                        ; msx_multicore2 ; --             ; --         ;
+-------------------------------------+---------------------------------------+----------------+----------------+------------+


+-------------------------------------------------------------------------------------------------------------------------------+
; Flow Elapsed Time                                                                                                             ;
+---------------------------+--------------+-------------------------+---------------------+------------------------------------+
; Module Name               ; Elapsed Time ; Average Processors Used ; Peak Virtual Memory ; Total CPU Time (on all processors) ;
+---------------------------+--------------+-------------------------+---------------------+------------------------------------+
; Analysis & Synthesis      ; 00:01:11     ; 1.0                     ; 4784 MB             ; 00:01:05                           ;
; Fitter                    ; 00:02:13     ; 1.0                     ; 5106 MB             ; 00:02:06                           ;
; Assembler                 ; 00:00:02     ; 1.0                     ; 4628 MB             ; 00:00:02                           ;
; TimeQuest Timing Analyzer ; 00:00:16     ; 1.0                     ; 4806 MB             ; 00:00:15                           ;
; Total                     ; 00:03:42     ; --                      ; --                  ; 00:03:28                           ;
+---------------------------+--------------+-------------------------+---------------------+------------------------------------+


+----------------------------------------------------------------------------------------+
; Flow OS Summary                                                                        ;
+---------------------------+------------------+-----------+------------+----------------+
; Module Name               ; Machine Hostname ; OS Name   ; OS Version ; Processor type ;
+---------------------------+------------------+-----------+------------+----------------+
; Analysis & Synthesis      ; DESKTOP-C1K47OA  ; Windows 7 ; 6.2        ; x86_64         ;
; Fitter                    ; DESKTOP-C1K47OA  ; Windows 7 ; 6.2        ; x86_64         ;
; Assembler                 ; DESKTOP-C1K47OA  ; Windows 7 ; 6.2        ; x86_64         ;
; TimeQuest Timing Analyzer ; DESKTOP-C1K47OA  ; Windows 7 ; 6.2        ; x86_64         ;
+---------------------------+------------------+-----------+------------+----------------+


------------
; Flow Log ;
------------
quartus_map --read_settings_files=on --write_settings_files=off msx_multicore2 -c msx_multicore2
quartus_fit --read_settings_files=off --write_settings_files=off msx_multicore2 -c msx_multicore2
quartus_asm --read_settings_files=off --write_settings_files=off msx_multicore2 -c msx_multicore2
quartus_sta msx_multicore2 -c msx_multicore2



