Flow report for jtcps1
Fri Oct 09 19:32:53 2020
Quartus II 64-Bit Version 13.1.0 Build 162 10/23/2013 SJ Web Edition


---------------------
; Table of Contents ;
---------------------
  1. Legal Notice
  2. Flow Summary
  3. Flow Settings
  4. Flow Non-Default Global Settings
  5. Flow Elapsed Time
  6. Flow OS Summary
  7. Flow Log
  8. Flow Messages
  9. Flow Suppressed Messages



----------------
; Legal Notice ;
----------------
Copyright (C) 1991-2013 Altera Corporation
Your use of Altera Corporation's design tools, logic functions 
and other software and tools, and its AMPP partner logic 
functions, and any output files from any of the foregoing 
(including device programming or simulation files), and any 
associated documentation or information are expressly subject 
to the terms and conditions of the Altera Program License 
Subscription Agreement, Altera MegaCore Function License 
Agreement, or other applicable license agreement, including, 
without limitation, that your use is for the sole purpose of 
programming logic devices manufactured by Altera and sold by 
Altera or its authorized distributors.  Please refer to the 
applicable agreement for further details.



+---------------------------------------------------------------------------------+
; Flow Summary                                                                    ;
+------------------------------------+--------------------------------------------+
; Flow Status                        ; Successful - Fri Oct 09 19:32:32 2020      ;
; Quartus II 64-Bit Version          ; 13.1.0 Build 162 10/23/2013 SJ Web Edition ;
; Revision Name                      ; jtcps1                                     ;
; Top-level Entity Name              ; multicore2_top                             ;
; Family                             ; Cyclone IV E                               ;
; Device                             ; EP4CE55F23C8                               ;
; Timing Models                      ; Final                                      ;
; Total logic elements               ; 23,371 / 55,856 ( 42 % )                   ;
;     Total combinational functions  ; 20,125 / 55,856 ( 36 % )                   ;
;     Dedicated logic registers      ; 10,315 / 55,856 ( 18 % )                   ;
; Total registers                    ; 10347                                      ;
; Total pins                         ; 85 / 325 ( 26 % )                          ;
; Total virtual pins                 ; 0                                          ;
; Total memory bits                  ; 261,661 / 2,396,160 ( 11 % )               ;
; Embedded Multiplier 9-bit elements ; 4 / 308 ( 1 % )                            ;
; Total PLLs                         ; 1 / 4 ( 25 % )                             ;
+------------------------------------+--------------------------------------------+


+-----------------------------------------+
; Flow Settings                           ;
+-------------------+---------------------+
; Option            ; Setting             ;
+-------------------+---------------------+
; Start date & time ; 10/09/2020 19:25:41 ;
; Main task         ; Compilation         ;
; Revision Name     ; jtcps1              ;
+-------------------+---------------------+


+-----------------------------------------------------------------------------------------------------------------------------------------+
; Flow Non-Default Global Settings                                                                                                        ;
+-------------------------------------+-----------------------------------------------------+---------------+----------------+------------+
; Assignment Name                     ; Value                                               ; Default Value ; Entity Name    ; Section Id ;
+-------------------------------------+-----------------------------------------------------+---------------+----------------+------------+
; COMPILER_SIGNATURE_ID               ; 31264775030918.160226434109828                      ; --            ; --             ; --         ;
; CYCLONEII_OPTIMIZATION_TECHNIQUE    ; Speed                                               ; Balanced      ; --             ; --         ;
; ENABLE_SIGNALTAP                    ; Off                                                 ; --            ; --             ; --         ;
; FITTER_EFFORT                       ; Standard Fit                                        ; Auto Fit      ; --             ; --         ;
; IP_TOOL_NAME                        ; ALTPLL                                              ; --            ; --             ; --         ;
; IP_TOOL_NAME                        ; ALTPLL                                              ; --            ; --             ; --         ;
; IP_TOOL_NAME                        ; ALTPLL                                              ; --            ; --             ; --         ;
; IP_TOOL_VERSION                     ; 13.1                                                ; --            ; --             ; --         ;
; IP_TOOL_VERSION                     ; 13.1                                                ; --            ; --             ; --         ;
; IP_TOOL_VERSION                     ; 13.1                                                ; --            ; --             ; --         ;
; MAX_CORE_JUNCTION_TEMP              ; 85                                                  ; --            ; --             ; --         ;
; MIN_CORE_JUNCTION_TEMP              ; 0                                                   ; --            ; --             ; --         ;
; MISC_FILE                           ; ../modules/jtframe/hdl/mc2/pll48/jtframe_pll96_bb.v ; --            ; --             ; --         ;
; MISC_FILE                           ; ../modules/jtframe/hdl/mc2/pll48/jtframe_pll96.ppf  ; --            ; --             ; --         ;
; MISC_FILE                           ; ../modules/jtframe/hdl/mc2/pll48/jtframe_pll1_bb.v  ; --            ; --             ; --         ;
; MISC_FILE                           ; ../modules/jtframe/hdl/mc2/pll48/jtframe_pll1.ppf   ; --            ; --             ; --         ;
; MISC_FILE                           ; ../modules/jtframe/hdl/mc2/pll48/jtframe_pll0_bb.v  ; --            ; --             ; --         ;
; MISC_FILE                           ; ../modules/jtframe/hdl/mc2/pll48/jtframe_pll0.ppf   ; --            ; --             ; --         ;
; OUTPUT_IO_TIMING_FAR_END_VMEAS      ; Half Signal Swing                                   ; --            ; --             ; --         ;
; OUTPUT_IO_TIMING_FAR_END_VMEAS      ; Half Signal Swing                                   ; --            ; --             ; --         ;
; OUTPUT_IO_TIMING_NEAR_END_VMEAS     ; Half Vccio                                          ; --            ; --             ; --         ;
; OUTPUT_IO_TIMING_NEAR_END_VMEAS     ; Half Vccio                                          ; --            ; --             ; --         ;
; PARTITION_COLOR                     ; 16764057                                            ; --            ; multicore2_top ; Top        ;
; PARTITION_FITTER_PRESERVATION_LEVEL ; PLACEMENT_AND_ROUTING                               ; --            ; multicore2_top ; Top        ;
; PARTITION_NETLIST_TYPE              ; SOURCE                                              ; --            ; multicore2_top ; Top        ;
; PHYSICAL_SYNTHESIS_EFFORT           ; Fast                                                ; Normal        ; --             ; --         ;
; POWER_BOARD_THERMAL_MODEL           ; None (CONSERVATIVE)                                 ; --            ; --             ; --         ;
; POWER_PRESET_COOLING_SOLUTION       ; No Heat Sink With Still Air                         ; --            ; --             ; --         ;
; PROJECT_OUTPUT_DIRECTORY            ; output_files                                        ; --            ; --             ; --         ;
; SEED                                ; 2                                                   ; 1             ; --             ; --         ;
; TOP_LEVEL_ENTITY                    ; multicore2_top                                      ; jtcps1        ; --             ; --         ;
; USE_SIGNALTAP_FILE                  ; stp1.stp                                            ; --            ; --             ; --         ;
; VERILOG_MACRO                       ; MIST=<None>                                         ; --            ; --             ; --         ;
; VERILOG_MACRO                       ; CORENAME="JTCPS1"                                   ; --            ; --             ; --         ;
; VERILOG_MACRO                       ; GAMETOP=jtcps1_game                                 ; --            ; --             ; --         ;
; VERILOG_MACRO                       ; VERTICAL_SCREEN=<None>                              ; --            ; --             ; --         ;
; VERILOG_MACRO                       ; JT51=<None>                                         ; --            ; --             ; --         ;
; VERILOG_MACRO                       ; JTFRAME_MRA_DIP=<None>                              ; --            ; --             ; --         ;
; VERILOG_MACRO                       ; VIDEO_HEIGHT=224                                    ; --            ; --             ; --         ;
; VERILOG_MACRO                       ; BUTTONS=6                                           ; --            ; --             ; --         ;
; VERILOG_MACRO                       ; STEREO_GAME=<None>                                  ; --            ; --             ; --         ;
; VERILOG_MACRO                       ; JTFRAME_WRITEBACK=<None>                            ; --            ; --             ; --         ;
; VERILOG_MACRO                       ; JTFRAME_4PLAYERS=<None>                             ; --            ; --             ; --         ;
; VERILOG_MACRO                       ; JTFRAME_CLK96=<None>                                ; --            ; --             ; --         ;
; VERILOG_MACRO                       ; COLORW=8                                            ; --            ; --             ; --         ;
; VERILOG_MACRO                       ; JTFRAME_SDRAM_BANKS=<None>                          ; --            ; --             ; --         ;
; VERILOG_MACRO                       ; CORE_OSD="O6,Turbo,Off,On;",                        ; --            ; --             ; --         ;
; VERILOG_MACRO                       ; VIDEO_WIDTH=512                                     ; --            ; --             ; --         ;
; VERILOG_MACRO                       ; MISTTOP=jtcps1_mist                                 ; --            ; --             ; --         ;
; VERILOG_MACRO                       ; JTFRAME_OSD_NOSND=<None>                            ; --            ; --             ; --         ;
; VERILOG_MACRO                       ; JTFRAME_MIST_DIPBASE=8                              ; --            ; --             ; --         ;
; VERILOG_MACRO                       ; JTFRAME_SCAN2X=<None>                               ; --            ; --             ; --         ;
; VERILOG_MACRO                       ; NOCREDITS=<None>                                    ; --            ; --             ; --         ;
; VERILOG_MACRO                       ; JTFRAME_OSD_NOCREDITS=<None>                        ; --            ; --             ; --         ;
; VERILOG_SHOW_LMF_MAPPING_MESSAGES   ; Off                                                 ; --            ; --             ; --         ;
+-------------------------------------+-----------------------------------------------------+---------------+----------------+------------+


+-------------------------------------------------------------------------------------------------------------------------------+
; Flow Elapsed Time                                                                                                             ;
+---------------------------+--------------+-------------------------+---------------------+------------------------------------+
; Module Name               ; Elapsed Time ; Average Processors Used ; Peak Virtual Memory ; Total CPU Time (on all processors) ;
+---------------------------+--------------+-------------------------+---------------------+------------------------------------+
; Analysis & Synthesis      ; 00:02:34     ; 1.0                     ; 4954 MB             ; 00:02:27                           ;
; Fitter                    ; 00:03:57     ; 1.0                     ; 5271 MB             ; 00:03:55                           ;
; Assembler                 ; 00:00:05     ; 1.0                     ; 4654 MB             ; 00:00:04                           ;
; TimeQuest Timing Analyzer ; 00:00:19     ; 1.0                     ; 4939 MB             ; 00:00:18                           ;
; Total                     ; 00:06:55     ; --                      ; --                  ; 00:06:44                           ;
+---------------------------+--------------+-------------------------+---------------------+------------------------------------+


+----------------------------------------------------------------------------------------+
; Flow OS Summary                                                                        ;
+---------------------------+------------------+-----------+------------+----------------+
; Module Name               ; Machine Hostname ; OS Name   ; OS Version ; Processor type ;
+---------------------------+------------------+-----------+------------+----------------+
; Analysis & Synthesis      ; DESKTOP-C1K47OA  ; Windows 7 ; 6.2        ; x86_64         ;
; Fitter                    ; DESKTOP-C1K47OA  ; Windows 7 ; 6.2        ; x86_64         ;
; Assembler                 ; DESKTOP-C1K47OA  ; Windows 7 ; 6.2        ; x86_64         ;
; TimeQuest Timing Analyzer ; DESKTOP-C1K47OA  ; Windows 7 ; 6.2        ; x86_64         ;
+---------------------------+------------------+-----------+------------+----------------+


------------
; Flow Log ;
------------
quartus_map --read_settings_files=on --write_settings_files=off jtcps1 -c jtcps1
quartus_fit --read_settings_files=off --write_settings_files=off jtcps1 -c jtcps1
quartus_asm --read_settings_files=off --write_settings_files=off jtcps1 -c jtcps1
quartus_sta jtcps1 -c jtcps1



